[2025-03-19 13:09:08Z INFO HostContext] No proxy settings were found based on environmental variables (http_proxy/https_proxy/HTTP_PROXY/HTTPS_PROXY)
[2025-03-19 13:09:08Z INFO HostContext] Well known directory 'Bin': '/Users/kattan/Desktop/cfa/CRV/inegration-git-docker/actions-runner/bin'
[2025-03-19 13:09:08Z INFO HostContext] Well known directory 'Root': '/Users/kattan/Desktop/cfa/CRV/inegration-git-docker/actions-runner'
[2025-03-19 13:09:08Z INFO HostContext] Well known config file 'Credentials': '/Users/kattan/Desktop/cfa/CRV/inegration-git-docker/actions-runner/.credentials'
[2025-03-19 13:09:08Z INFO HostContext] Well known directory 'Bin': '/Users/kattan/Desktop/cfa/CRV/inegration-git-docker/actions-runner/bin'
[2025-03-19 13:09:08Z INFO HostContext] Well known directory 'Root': '/Users/kattan/Desktop/cfa/CRV/inegration-git-docker/actions-runner'
[2025-03-19 13:09:08Z INFO HostContext] Well known config file 'Runner': '/Users/kattan/Desktop/cfa/CRV/inegration-git-docker/actions-runner/.runner'
[2025-03-19 13:09:08Z INFO Listener] Runner is built for OSX (X64) - osx-x64.
[2025-03-19 13:09:08Z INFO Listener] RuntimeInformation: Darwin 24.3.0 Darwin Kernel Version 24.3.0: Thu Jan  2 20:22:00 PST 2025; root:xnu-11215.81.4~3/RELEASE_X86_64.
[2025-03-19 13:09:09Z INFO Listener] Version: 2.322.0
[2025-03-19 13:09:09Z INFO Listener] Commit: 0edc478ca75d0a753dcbcec7405f3f26db67b1ac
[2025-03-19 13:09:09Z INFO Listener] Culture: en-US
[2025-03-19 13:09:09Z INFO Listener] UI Culture: en-US
[2025-03-19 13:09:09Z INFO HostContext] Well known directory 'Bin': '/Users/kattan/Desktop/cfa/CRV/inegration-git-docker/actions-runner/bin'
[2025-03-19 13:09:09Z INFO HostContext] Well known directory 'Root': '/Users/kattan/Desktop/cfa/CRV/inegration-git-docker/actions-runner'
[2025-03-19 13:09:09Z INFO Listener] Validating directory permissions for: '/Users/kattan/Desktop/cfa/CRV/inegration-git-docker/actions-runner'
[2025-03-19 13:09:09Z INFO CommandLineParser] Parse
[2025-03-19 13:09:09Z INFO CommandLineParser] Parsing 5 args
[2025-03-19 13:09:09Z INFO CommandLineParser] parsing argument
[2025-03-19 13:09:09Z INFO CommandLineParser] HasArgs: False
[2025-03-19 13:09:09Z INFO CommandLineParser] Adding Command: configure
[2025-03-19 13:09:09Z INFO CommandLineParser] parsing argument
[2025-03-19 13:09:09Z INFO CommandLineParser] HasArgs: True
[2025-03-19 13:09:09Z INFO CommandLineParser] arg: url
[2025-03-19 13:09:09Z INFO CommandLineParser] parsing argument
[2025-03-19 13:09:09Z INFO CommandLineParser] HasArgs: True
[2025-03-19 13:09:09Z INFO CommandLineParser] Adding option 'url': 'https://github.com/MohammadKattan/Int-gration-Docker'
[2025-03-19 13:09:09Z INFO CommandLineParser] parsing argument
[2025-03-19 13:09:09Z INFO CommandLineParser] HasArgs: True
[2025-03-19 13:09:09Z INFO CommandLineParser] arg: token
[2025-03-19 13:09:09Z INFO CommandLineParser] parsing argument
[2025-03-19 13:09:09Z INFO CommandLineParser] HasArgs: True
[2025-03-19 13:09:09Z INFO CommandLineParser] Adding option 'token': '***'
[2025-03-19 13:09:09Z INFO Listener] Arguments parsed
[2025-03-19 13:09:10Z INFO Runner] ExecuteCommand
[2025-03-19 13:09:10Z INFO ConfigurationStore] currentAssemblyLocation: /Users/kattan/Desktop/cfa/CRV/inegration-git-docker/actions-runner/bin/Runner.Listener.dll
[2025-03-19 13:09:10Z INFO HostContext] Well known directory 'Bin': '/Users/kattan/Desktop/cfa/CRV/inegration-git-docker/actions-runner/bin'
[2025-03-19 13:09:10Z INFO ConfigurationStore] binPath: /Users/kattan/Desktop/cfa/CRV/inegration-git-docker/actions-runner/bin
[2025-03-19 13:09:10Z INFO HostContext] Well known directory 'Bin': '/Users/kattan/Desktop/cfa/CRV/inegration-git-docker/actions-runner/bin'
[2025-03-19 13:09:10Z INFO HostContext] Well known directory 'Root': '/Users/kattan/Desktop/cfa/CRV/inegration-git-docker/actions-runner'
[2025-03-19 13:09:10Z INFO ConfigurationStore] RootFolder: /Users/kattan/Desktop/cfa/CRV/inegration-git-docker/actions-runner
[2025-03-19 13:09:10Z INFO HostContext] Well known directory 'Bin': '/Users/kattan/Desktop/cfa/CRV/inegration-git-docker/actions-runner/bin'
[2025-03-19 13:09:10Z INFO HostContext] Well known directory 'Root': '/Users/kattan/Desktop/cfa/CRV/inegration-git-docker/actions-runner'
[2025-03-19 13:09:10Z INFO HostContext] Well known config file 'Runner': '/Users/kattan/Desktop/cfa/CRV/inegration-git-docker/actions-runner/.runner'
[2025-03-19 13:09:10Z INFO ConfigurationStore] ConfigFilePath: /Users/kattan/Desktop/cfa/CRV/inegration-git-docker/actions-runner/.runner
[2025-03-19 13:09:10Z INFO HostContext] Well known directory 'Bin': '/Users/kattan/Desktop/cfa/CRV/inegration-git-docker/actions-runner/bin'
[2025-03-19 13:09:10Z INFO HostContext] Well known directory 'Root': '/Users/kattan/Desktop/cfa/CRV/inegration-git-docker/actions-runner'
[2025-03-19 13:09:10Z INFO HostContext] Well known config file 'Credentials': '/Users/kattan/Desktop/cfa/CRV/inegration-git-docker/actions-runner/.credentials'
[2025-03-19 13:09:10Z INFO ConfigurationStore] CredFilePath: /Users/kattan/Desktop/cfa/CRV/inegration-git-docker/actions-runner/.credentials
[2025-03-19 13:09:10Z INFO HostContext] Well known directory 'Bin': '/Users/kattan/Desktop/cfa/CRV/inegration-git-docker/actions-runner/bin'
[2025-03-19 13:09:10Z INFO HostContext] Well known directory 'Root': '/Users/kattan/Desktop/cfa/CRV/inegration-git-docker/actions-runner'
[2025-03-19 13:09:10Z INFO HostContext] Well known config file 'MigratedCredentials': '/Users/kattan/Desktop/cfa/CRV/inegration-git-docker/actions-runner/.credentials_migrated'
[2025-03-19 13:09:10Z INFO ConfigurationStore] MigratedCredFilePath: /Users/kattan/Desktop/cfa/CRV/inegration-git-docker/actions-runner/.credentials_migrated
[2025-03-19 13:09:10Z INFO HostContext] Well known directory 'Bin': '/Users/kattan/Desktop/cfa/CRV/inegration-git-docker/actions-runner/bin'
[2025-03-19 13:09:10Z INFO HostContext] Well known directory 'Root': '/Users/kattan/Desktop/cfa/CRV/inegration-git-docker/actions-runner'
[2025-03-19 13:09:10Z INFO HostContext] Well known config file 'Service': '/Users/kattan/Desktop/cfa/CRV/inegration-git-docker/actions-runner/.service'
[2025-03-19 13:09:10Z INFO ConfigurationStore] ServiceConfigFilePath: /Users/kattan/Desktop/cfa/CRV/inegration-git-docker/actions-runner/.service
[2025-03-19 13:09:10Z INFO CommandSettings] Flag 'help': 'False'
[2025-03-19 13:09:10Z INFO CommandSettings] Flag 'version': 'False'
[2025-03-19 13:09:10Z INFO CommandSettings] Flag 'commit': 'False'
[2025-03-19 13:09:10Z INFO CommandSettings] Flag 'check': 'False'
[2025-03-19 13:09:10Z INFO CommandSettings] Command 'configure': 'True'
[2025-03-19 13:09:10Z INFO Terminal] WRITE LINE: 
[2025-03-19 13:09:10Z INFO Terminal] WRITE LINE: --------------------------------------------------------------------------------
[2025-03-19 13:09:10Z INFO Terminal] WRITE LINE: |        ____ _ _   _   _       _          _        _   _                      |
[2025-03-19 13:09:10Z INFO Terminal] WRITE LINE: |       / ___(_) |_| | | |_   _| |__      / \   ___| |_(_) ___  _ __  ___      |
[2025-03-19 13:09:10Z INFO Terminal] WRITE LINE: |      | |  _| | __| |_| | | | | '_ \    / _ \ / __| __| |/ _ \| '_ \/ __|     |
[2025-03-19 13:09:10Z INFO Terminal] WRITE LINE: |      | |_| | | |_|  _  | |_| | |_) |  / ___ \ (__| |_| | (_) | | | \__ \     |
[2025-03-19 13:09:10Z INFO Terminal] WRITE LINE: |       \____|_|\__|_| |_|\__,_|_.__/  /_/   \_\___|\__|_|\___/|_| |_|___/     |
[2025-03-19 13:09:10Z INFO Terminal] WRITE LINE: |                                                                              |
[2025-03-19 13:09:10Z INFO Terminal] WRITE: |                       
[2025-03-19 13:09:10Z INFO Terminal] WRITE: Self-hosted runner registration
[2025-03-19 13:09:10Z INFO Terminal] WRITE LINE:                         |
[2025-03-19 13:09:10Z INFO Terminal] WRITE LINE: |                                                                              |
[2025-03-19 13:09:10Z INFO Terminal] WRITE LINE: --------------------------------------------------------------------------------
[2025-03-19 13:09:10Z INFO ConfigurationManager] ConfigureAsync
[2025-03-19 13:09:10Z INFO CommandSettings] Flag 'generateServiceConfig': 'False'
[2025-03-19 13:09:10Z INFO ConfigurationStore] IsConfigured()
[2025-03-19 13:09:10Z INFO ConfigurationStore] IsConfigured: False
[2025-03-19 13:09:10Z INFO ConfigurationManager] Is configured: False
[2025-03-19 13:09:10Z INFO CommandSettings] Arg 'url': 'https://github.com/MohammadKattan/Int-gration-Docker'
[2025-03-19 13:09:10Z INFO CommandSettings] Remove url from Arg dictionary.
[2025-03-19 13:09:10Z INFO CommandSettings] Arg 'token': '***'
[2025-03-19 13:09:10Z INFO CommandSettings] Remove token from Arg dictionary.
[2025-03-19 13:09:20Z INFO ConfigurationManager] Http response code: OK from 'POST https://api.github.com/actions/runner-registration' (E1F3:2C7C14:2FFD66:312E12:67DAC1FF)
[2025-03-19 13:09:20Z INFO ConfigurationManager] Using V2 flow: False
[2025-03-19 13:09:20Z INFO ConfigurationManager] cred retrieved via GitHub auth
[2025-03-19 13:09:20Z INFO RunnerServer] EstablishVssConnection
[2025-03-19 13:09:20Z INFO RunnerServer] Establish connection with 100 seconds timeout.
[2025-03-19 13:09:21Z INFO GitHubActionsService] Starting operation Location.GetConnectionData
[2025-03-19 13:09:21Z INFO RunnerServer] EstablishVssConnection
[2025-03-19 13:09:21Z INFO RunnerServer] Establish connection with 60 seconds timeout.
[2025-03-19 13:09:21Z INFO GitHubActionsService] Starting operation Location.GetConnectionData
[2025-03-19 13:09:21Z INFO RunnerServer] EstablishVssConnection
[2025-03-19 13:09:21Z INFO RunnerServer] Establish connection with 60 seconds timeout.
[2025-03-19 13:09:21Z INFO GitHubActionsService] Starting operation Location.GetConnectionData
[2025-03-19 13:09:22Z INFO GitHubActionsService] Finished operation Location.GetConnectionData
[2025-03-19 13:09:22Z INFO GitHubActionsService] Finished operation Location.GetConnectionData
[2025-03-19 13:09:22Z INFO GitHubActionsService] Finished operation Location.GetConnectionData
[2025-03-19 13:09:22Z INFO Terminal] WRITE LINE: 
[2025-03-19 13:09:22Z INFO ConfigurationManager] Test Connection complete.
[2025-03-19 13:09:22Z INFO HostContext] Well known directory 'Bin': '/Users/kattan/Desktop/cfa/CRV/inegration-git-docker/actions-runner/bin'
[2025-03-19 13:09:22Z INFO HostContext] Well known directory 'Root': '/Users/kattan/Desktop/cfa/CRV/inegration-git-docker/actions-runner'
[2025-03-19 13:09:22Z INFO HostContext] Well known config file 'RSACredentials': '/Users/kattan/Desktop/cfa/CRV/inegration-git-docker/actions-runner/.credentials_rsaparams'
[2025-03-19 13:09:22Z INFO RSAFileKeyManager] Creating new RSA key using 2048-bit key length
[2025-03-19 13:09:22Z INFO RSAFileKeyManager] Successfully saved RSA key parameters to file /Users/kattan/Desktop/cfa/CRV/inegration-git-docker/actions-runner/.credentials_rsaparams
[2025-03-19 13:09:22Z INFO RSAFileKeyManager] Which2: 'chmod'
[2025-03-19 13:09:22Z INFO RSAFileKeyManager] Location: '/bin/chmod'
[2025-03-19 13:09:22Z INFO HostContext] Well known directory 'Bin': '/Users/kattan/Desktop/cfa/CRV/inegration-git-docker/actions-runner/bin'
[2025-03-19 13:09:22Z INFO HostContext] Well known directory 'Root': '/Users/kattan/Desktop/cfa/CRV/inegration-git-docker/actions-runner'
[2025-03-19 13:09:22Z INFO ProcessInvokerWrapper] Starting process:
[2025-03-19 13:09:22Z INFO ProcessInvokerWrapper]   File name: '/bin/chmod'
[2025-03-19 13:09:22Z INFO ProcessInvokerWrapper]   Arguments: '600 /Users/kattan/Desktop/cfa/CRV/inegration-git-docker/actions-runner/.credentials_rsaparams'
[2025-03-19 13:09:22Z INFO ProcessInvokerWrapper]   Working directory: '/Users/kattan/Desktop/cfa/CRV/inegration-git-docker/actions-runner'
[2025-03-19 13:09:22Z INFO ProcessInvokerWrapper]   Require exit code zero: 'False'
[2025-03-19 13:09:22Z INFO ProcessInvokerWrapper]   Encoding web name:  ; code page: ''
[2025-03-19 13:09:22Z INFO ProcessInvokerWrapper]   Force kill process on cancellation: 'False'
[2025-03-19 13:09:22Z INFO ProcessInvokerWrapper]   Redirected STDIN: 'False'
[2025-03-19 13:09:22Z INFO ProcessInvokerWrapper]   Persist current code page: 'False'
[2025-03-19 13:09:22Z INFO ProcessInvokerWrapper]   Keep redirected STDIN open: 'False'
[2025-03-19 13:09:22Z INFO ProcessInvokerWrapper]   High priority process: 'False'
[2025-03-19 13:09:23Z INFO ProcessInvokerWrapper] Process started with process id 77179, waiting for process exit.
[2025-03-19 13:09:23Z INFO ProcessInvokerWrapper] STDOUT/STDERR stream read finished.
[2025-03-19 13:09:23Z INFO ProcessInvokerWrapper] STDOUT/STDERR stream read finished.
[2025-03-19 13:09:23Z INFO ProcessInvokerWrapper] Finished process 77179 with exit code 0, and elapsed time 00:00:00.3622727.
[2025-03-19 13:09:23Z INFO RSAFileKeyManager] Successfully set permissions for RSA key parameters file /Users/kattan/Desktop/cfa/CRV/inegration-git-docker/actions-runner/.credentials_rsaparams
[2025-03-19 13:09:23Z INFO CommandSettings] Arg 'runnergroup': ''
[2025-03-19 13:09:23Z INFO CommandSettings] Flag 'unattended': 'False'
[2025-03-19 13:09:23Z INFO PromptManager] ReadValue
[2025-03-19 13:09:23Z INFO Terminal] WRITE: Enter the name of the runner group to add this runner to: 
[2025-03-19 13:09:23Z INFO Terminal] WRITE: [press Enter for Default] 
[2025-03-19 13:09:23Z INFO Terminal] READ LINE
[2025-03-19 13:09:46Z INFO Terminal] Read value: ''
[2025-03-19 13:09:46Z INFO PromptManager] Falling back to the default: 'Default'
[2025-03-19 13:09:46Z INFO Terminal] WRITE LINE: 
[2025-03-19 13:09:46Z INFO ConfigurationManager] Found a self-hosted runner group with id 1 and name Default
[2025-03-19 13:09:46Z INFO CommandSettings] Flag 'disableupdate': 'False'
[2025-03-19 13:09:46Z INFO CommandSettings] Flag 'ephemeral': 'False'
[2025-03-19 13:09:46Z INFO CommandSettings] Arg 'name': ''
[2025-03-19 13:09:46Z INFO CommandSettings] Flag 'unattended': 'False'
[2025-03-19 13:09:46Z INFO PromptManager] ReadValue
[2025-03-19 13:09:46Z INFO Terminal] WRITE: Enter the name of runner: 
[2025-03-19 13:09:46Z INFO Terminal] WRITE: [press Enter for MacBook-Pro-de-kattan] 
[2025-03-19 13:09:46Z INFO Terminal] READ LINE
[2025-03-19 13:09:52Z INFO Terminal] Read value: ''
[2025-03-19 13:09:52Z INFO PromptManager] Falling back to the default: 'MacBook-Pro-de-kattan'
[2025-03-19 13:09:53Z INFO Terminal] WRITE LINE: 
[2025-03-19 13:09:53Z INFO CommandSettings] Arg 'labels': ''
[2025-03-19 13:09:53Z INFO CommandSettings] Flag 'unattended': 'False'
[2025-03-19 13:09:53Z INFO PromptManager] ReadValue
[2025-03-19 13:09:53Z INFO Terminal] WRITE: This runner will have the following labels: 'self-hosted', 'macOS', 'X64' 
Enter any additional labels (ex. label-1,label-2): 
[2025-03-19 13:09:53Z INFO Terminal] WRITE: [press Enter to skip] 
[2025-03-19 13:09:53Z INFO Terminal] READ LINE
[2025-03-19 13:10:00Z INFO Terminal] Read value: ''
[2025-03-19 13:10:00Z INFO Terminal] WRITE LINE: 
[2025-03-19 13:10:00Z INFO CommandSettings] Flag 'disableupdate': 'False'
[2025-03-19 13:10:00Z INFO CommandSettings] Flag 'no-default-labels': 'False'
[2025-03-19 13:10:01Z INFO CommandSettings] Flag 'disableupdate': 'False'
[2025-03-19 13:10:01Z INFO CommandSettings] Flag 'ephemeral': 'False'
[2025-03-19 13:10:01Z INFO ConfigurationStore] Saving OAuth credential @ /Users/kattan/Desktop/cfa/CRV/inegration-git-docker/actions-runner/.credentials
[2025-03-19 13:10:01Z INFO ConfigurationStore] Credentials Saved.
[2025-03-19 13:10:01Z INFO ConfigurationStore] HasCredentials()
[2025-03-19 13:10:01Z INFO ConfigurationStore] stored True
[2025-03-19 13:10:01Z INFO CredentialManager] GetCredentialProvider
[2025-03-19 13:10:01Z INFO CredentialManager] Creating type OAuth
[2025-03-19 13:10:01Z INFO CredentialManager] Creating credential type: OAuth
[2025-03-19 13:10:01Z INFO RSAFileKeyManager] Loading RSA key parameters from file /Users/kattan/Desktop/cfa/CRV/inegration-git-docker/actions-runner/.credentials_rsaparams
[2025-03-19 13:10:01Z INFO RunnerServer] EstablishVssConnection
[2025-03-19 13:10:01Z INFO RunnerServer] Establish connection with 100 seconds timeout.
[2025-03-19 13:10:01Z INFO GitHubActionsService] Starting operation Location.GetConnectionData
[2025-03-19 13:10:01Z INFO RunnerServer] EstablishVssConnection
[2025-03-19 13:10:01Z INFO RunnerServer] Establish connection with 60 seconds timeout.
[2025-03-19 13:10:01Z INFO GitHubActionsService] Starting operation Location.GetConnectionData
[2025-03-19 13:10:01Z INFO RunnerServer] EstablishVssConnection
[2025-03-19 13:10:01Z INFO RunnerServer] Establish connection with 60 seconds timeout.
[2025-03-19 13:10:01Z INFO GitHubActionsService] Starting operation Location.GetConnectionData
[2025-03-19 13:10:02Z INFO GitHubActionsService] Finished operation Location.GetConnectionData
[2025-03-19 13:10:02Z INFO GitHubActionsService] Finished operation Location.GetConnectionData
[2025-03-19 13:10:02Z INFO GitHubActionsService] Finished operation Location.GetConnectionData
[2025-03-19 13:10:02Z INFO RSAFileKeyManager] Loading RSA key parameters from file /Users/kattan/Desktop/cfa/CRV/inegration-git-docker/actions-runner/.credentials_rsaparams
[2025-03-19 13:10:02Z INFO RSAFileKeyManager] Loading RSA key parameters from file /Users/kattan/Desktop/cfa/CRV/inegration-git-docker/actions-runner/.credentials_rsaparams
[2025-03-19 13:10:02Z INFO GitHubActionsService] AAD Correlation ID for this token request: Unknown
[2025-03-19 13:10:02Z INFO CommandSettings] Arg 'work': ''
[2025-03-19 13:10:02Z INFO CommandSettings] Flag 'unattended': 'False'
[2025-03-19 13:10:02Z INFO PromptManager] ReadValue
[2025-03-19 13:10:02Z INFO Terminal] WRITE: Enter name of work folder: 
[2025-03-19 13:10:02Z INFO Terminal] WRITE: [press Enter for _work] 
[2025-03-19 13:10:02Z INFO Terminal] READ LINE
[2025-03-19 13:10:07Z INFO Terminal] Read value: ''
[2025-03-19 13:10:07Z INFO PromptManager] Falling back to the default: '_work'
[2025-03-19 13:10:07Z INFO ConfigurationStore] Saving runner settings.
[2025-03-19 13:10:07Z INFO ConfigurationStore] Settings Saved.
[2025-03-19 13:10:07Z INFO Terminal] WRITE LINE: 
[2025-03-19 13:10:07Z INFO Terminal] WRITE LINE: 
[2025-03-19 13:10:07Z INFO OsxServiceControlManager] Service name 'actions.runner.MohammadKattan-Int-gration-Docker.MacBook-Pro-de-kattan' display name 'GitHub Actions Runner (MohammadKattan-Int-gration-Docker.MacBook-Pro-de-kattan)' will be used for service configuration.
[2025-03-19 13:10:07Z INFO HostContext] Well known directory 'Bin': '/Users/kattan/Desktop/cfa/CRV/inegration-git-docker/actions-runner/bin'
[2025-03-19 13:10:07Z INFO HostContext] Well known directory 'Root': '/Users/kattan/Desktop/cfa/CRV/inegration-git-docker/actions-runner'
[2025-03-19 13:10:07Z INFO HostContext] Well known directory 'Bin': '/Users/kattan/Desktop/cfa/CRV/inegration-git-docker/actions-runner/bin'
[2025-03-19 13:10:07Z INFO HostContext] Well known directory 'Bin': '/Users/kattan/Desktop/cfa/CRV/inegration-git-docker/actions-runner/bin'
[2025-03-19 13:10:07Z INFO HostContext] Well known directory 'Root': '/Users/kattan/Desktop/cfa/CRV/inegration-git-docker/actions-runner'
[2025-03-19 13:10:07Z INFO UnixUtil] Which2: 'chmod'
[2025-03-19 13:10:07Z INFO UnixUtil] Location: '/bin/chmod'
[2025-03-19 13:10:07Z INFO UnixUtil] Running /bin/chmod 755 "/Users/kattan/Desktop/cfa/CRV/inegration-git-docker/actions-runner/svc.sh"
[2025-03-19 13:10:07Z INFO ProcessInvokerWrapper] Starting process:
[2025-03-19 13:10:07Z INFO ProcessInvokerWrapper]   File name: '/bin/chmod'
[2025-03-19 13:10:07Z INFO ProcessInvokerWrapper]   Arguments: '755 "/Users/kattan/Desktop/cfa/CRV/inegration-git-docker/actions-runner/svc.sh"'
[2025-03-19 13:10:07Z INFO ProcessInvokerWrapper]   Working directory: '/Users/kattan/Desktop/cfa/CRV/inegration-git-docker/actions-runner'
[2025-03-19 13:10:07Z INFO ProcessInvokerWrapper]   Require exit code zero: 'True'
[2025-03-19 13:10:07Z INFO ProcessInvokerWrapper]   Encoding web name:  ; code page: ''
[2025-03-19 13:10:07Z INFO ProcessInvokerWrapper]   Force kill process on cancellation: 'False'
[2025-03-19 13:10:07Z INFO ProcessInvokerWrapper]   Redirected STDIN: 'False'
[2025-03-19 13:10:07Z INFO ProcessInvokerWrapper]   Persist current code page: 'False'
[2025-03-19 13:10:07Z INFO ProcessInvokerWrapper]   Keep redirected STDIN open: 'False'
[2025-03-19 13:10:07Z INFO ProcessInvokerWrapper]   High priority process: 'False'
[2025-03-19 13:10:07Z INFO ProcessInvokerWrapper] Process started with process id 77493, waiting for process exit.
[2025-03-19 13:10:07Z INFO ProcessInvokerWrapper] STDOUT/STDERR stream read finished.
[2025-03-19 13:10:07Z INFO ProcessInvokerWrapper] STDOUT/STDERR stream read finished.
[2025-03-19 13:10:07Z INFO ProcessInvokerWrapper] Finished process 77493 with exit code 0, and elapsed time 00:00:00.0144677.
[2025-03-19 13:10:07Z INFO Listener] Runner execution has finished with return code 0
